<?xml version="1.0" encoding="UTF-8"?>
<!-- Generated by org.testng.reporters.JUnitReportReporter -->
<testsuite hostname="DESKTOP-E80DE1T" failures="0" tests="1" name="com.trello.android.testscripts.Trello_006" time="172.001" errors="0" timestamp="2021-11-10T17:27:18 IST" skipped="0">
  <testcase classname="com.trello.android.testscripts.Trello_006" name="tc_Trello_006" time="172.001"/>
  <system-out/>
</testsuite> <!-- com.trello.android.testscripts.Trello_006 -->
