<?xml version="1.0" encoding="UTF-8"?>
<!-- Generated by org.testng.reporters.JUnitReportReporter -->
<testsuite hostname="DESKTOP-E80DE1T" failures="0" tests="1" name="com.trello.android.testscripts.Test1" time="88.977" errors="0" timestamp="2021-11-03T23:13:01 IST" skipped="0">
  <testcase classname="com.trello.android.testscripts.Test1" name="test" time="88.977"/>
  <system-out/>
</testsuite> <!-- com.trello.android.testscripts.Test1 -->
