<?xml version="1.0" encoding="UTF-8"?>
<!-- Generated by org.testng.reporters.JUnitReportReporter -->
<testsuite hostname="DESKTOP-E80DE1T" failures="0" tests="1" name="com.trello.android.testscripts.Trello_008" time="132.863" errors="0" timestamp="2021-11-10T17:27:19 IST" skipped="0">
  <testcase classname="com.trello.android.testscripts.Trello_008" name="tc_Trello_008" time="132.863"/>
  <system-out/>
</testsuite> <!-- com.trello.android.testscripts.Trello_008 -->
